生成启动时间为 2016/2/16 17:47:50。
     1>项目“D:\Github\FfmpegOk\FfmpegDecodecEncodec\FfmpegDecodecEncodec.vcxproj”在节点 2 上(Build 个目标)。
     1>ClCompile:
         D:\Program Files\VS\VC\bin\CL.exe /c /Iinclude /ZI /nologo /W3 /WX- /sdl /Od /Oy- /D WIN32 /D _DEBUG /D _CONSOLE /D _LIB /D _UNICODE /D UNICODE /Gm /EHsc /RTC1 /MDd /GS /fp:precise /Zc:wchar_t /Zc:forScope /Yc"stdafx.h" /Fp"Debug\FfmpegDecodecEncodec.pch" /Fo"Debug\\" /Fd"Debug\vc120.pdb" /Gd /TP /analyze- /errorReport:prompt /D _CRT_SECURE_NO_WARNINGS stdafx.cpp
         stdafx.cpp
         D:\Program Files\VS\VC\bin\CL.exe /c /Iinclude /ZI /nologo /W3 /WX- /sdl /Od /Oy- /D WIN32 /D _DEBUG /D _CONSOLE /D _LIB /D _UNICODE /D UNICODE /Gm /EHsc /RTC1 /MDd /GS /fp:precise /Zc:wchar_t /Zc:forScope /Yu"stdafx.h" /Fp"Debug\FfmpegDecodecEncodec.pch" /Fo"Debug\\" /Fd"Debug\vc120.pdb" /Gd /TP /analyze- /errorReport:prompt /D _CRT_SECURE_NO_WARNINGS AudioDecodcEncodc.cpp FfmpegDecodecBase.cpp FfmpegDecodecEncodec.cpp PictureDecodcEncodec.cpp VideoDecodcEncodc.cpp
         VideoDecodcEncodc.cpp
     1>d:\github\ffmpegok\ffmpegdecodecencodec\videodecodcencodc.cpp(24): warning C4101: “pFormatCtx”: 未引用的局部变量
         PictureDecodcEncodec.cpp
         FfmpegDecodecEncodec.cpp
         FfmpegDecodecBase.cpp
         AudioDecodcEncodc.cpp
     1>d:\github\ffmpegok\ffmpegdecodecencodec\audiodecodcencodc.cpp(63): warning C4018: “>”: 有符号/无符号不匹配
     1>d:\github\ffmpegok\ffmpegdecodecencodec\audiodecodcencodc.cpp(129): warning C4018: “<”: 有符号/无符号不匹配
     1>d:\github\ffmpegok\ffmpegdecodecencodec\audiodecodcencodc.cpp(159): warning C4067: 预处理器指令后有意外标记 - 应输入换行符
     1>d:\github\ffmpegok\ffmpegdecodecencodec\audiodecodcencodc.cpp(181): warning C4067: 预处理器指令后有意外标记 - 应输入换行符
     1>d:\github\ffmpegok\ffmpegdecodecencodec\audiodecodcencodc.cpp(226): warning C4067: 预处理器指令后有意外标记 - 应输入换行符
     1>d:\github\ffmpegok\ffmpegdecodecencodec\audiodecodcencodc.cpp(232): warning C4067: 预处理器指令后有意外标记 - 应输入换行符
     1>d:\github\ffmpegok\ffmpegdecodecencodec\audiodecodcencodc.cpp(250): warning C4067: 预处理器指令后有意外标记 - 应输入换行符
     1>d:\github\ffmpegok\ffmpegdecodecencodec\audiodecodcencodc.cpp(254): warning C4067: 预处理器指令后有意外标记 - 应输入换行符
         正在生成代码...
       Link:
         D:\Program Files\VS\VC\bin\link.exe /ERRORREPORT:PROMPT /OUT:"D:\Github\FfmpegOk\Debug\FfmpegDecodecEncodec.exe" /INCREMENTAL /NOLOGO /LIBPATH:lib avcodec.lib avformat.lib avutil.lib avdevice.lib avfilter.lib SDL2.lib SDL2main.lib postproc.lib swresample.lib swscale.lib kernel32.lib user32.lib gdi32.lib winspool.lib comdlg32.lib advapi32.lib shell32.lib ole32.lib oleaut32.lib uuid.lib odbc32.lib odbccp32.lib /MANIFEST /MANIFESTUAC:"level='asInvoker' uiAccess='false'" /manifest:embed /DEBUG /PDB:"D:\Github\FfmpegOk\Debug\FfmpegDecodecEncodec.pdb" /SUBSYSTEM:CONSOLE /TLBID:1 /DYNAMICBASE /NXCOMPAT /IMPLIB:"D:\Github\FfmpegOk\Debug\FfmpegDecodecEncodec.lib" /MACHINE:X86 Debug\AudioDecodcEncodc.obj
         Debug\FfmpegDecodecBase.obj
         Debug\FfmpegDecodecEncodec.obj
         Debug\PictureDecodcEncodec.obj
         Debug\stdafx.obj
         Debug\VideoDecodcEncodc.obj
         FfmpegDecodecEncodec.vcxproj -> D:\Github\FfmpegOk\Debug\FfmpegDecodecEncodec.exe
     1>已完成生成项目“D:\Github\FfmpegOk\FfmpegDecodecEncodec\FfmpegDecodecEncodec.vcxproj”(Build 个目标)的操作。

生成成功。

已用时间 00:00:01.97
