生成启动时间为 2016/2/16 15:04:35。
     1>项目“D:\TestWorkSpace\FfmpegYCW_test\FfmpegYCW_test\FfmpegPlayVideoAudio\FfmpegPlayVideoAudio.vcxproj”在节点 3 上(Build 个目标)。
     1>ClCompile:
         D:\Program Files\VS\VC\bin\CL.exe /c /ZI /nologo /W3 /WX- /sdl /Od /Oy- /D WIN32 /D _DEBUG /D _CONSOLE /D _LIB /D _UNICODE /D UNICODE /Gm /EHsc /RTC1 /MDd /GS /fp:precise /Zc:wchar_t /Zc:forScope /Yc"stdafx.h" /Fp"Debug\FfmpegPlayVideoAudio.pch" /Fo"Debug\\" /Fd"Debug\vc120.pdb" /Gd /TP /analyze- /errorReport:prompt stdafx.cpp
         stdafx.cpp
         D:\Program Files\VS\VC\bin\CL.exe /c /ZI /nologo /W3 /WX- /sdl /Od /Oy- /D WIN32 /D _DEBUG /D _CONSOLE /D _LIB /D _UNICODE /D UNICODE /Gm /EHsc /RTC1 /MDd /GS /fp:precise /Zc:wchar_t /Zc:forScope /Yu"stdafx.h" /Fp"Debug\FfmpegPlayVideoAudio.pch" /Fo"Debug\\" /Fd"Debug\vc120.pdb" /Gd /TP /analyze- /errorReport:prompt AudioPlay.cpp FfmpegPlayBase.cpp FfmpegPlayVideoAudio.cpp VideoPlay.cpp
         VideoPlay.cpp
         FfmpegPlayVideoAudio.cpp
         FfmpegPlayBase.cpp
         AudioPlay.cpp
         正在生成代码...
       Link:
         D:\Program Files\VS\VC\bin\link.exe /ERRORREPORT:PROMPT /OUT:"D:\TestWorkSpace\FfmpegYCW_test\FfmpegYCW_test\Debug\FfmpegPlayVideoAudio.exe" /INCREMENTAL /NOLOGO kernel32.lib user32.lib gdi32.lib winspool.lib comdlg32.lib advapi32.lib shell32.lib ole32.lib oleaut32.lib uuid.lib odbc32.lib odbccp32.lib /MANIFEST /MANIFESTUAC:"level='asInvoker' uiAccess='false'" /manifest:embed /DEBUG /PDB:"D:\TestWorkSpace\FfmpegYCW_test\FfmpegYCW_test\Debug\FfmpegPlayVideoAudio.pdb" /SUBSYSTEM:CONSOLE /TLBID:1 /DYNAMICBASE /NXCOMPAT /IMPLIB:"D:\TestWorkSpace\FfmpegYCW_test\FfmpegYCW_test\Debug\FfmpegPlayVideoAudio.lib" /MACHINE:X86 Debug\AudioPlay.obj
         Debug\FfmpegPlayBase.obj
         Debug\FfmpegPlayVideoAudio.obj
         Debug\stdafx.obj
         Debug\VideoPlay.obj
         FfmpegPlayVideoAudio.vcxproj -> D:\TestWorkSpace\FfmpegYCW_test\FfmpegYCW_test\Debug\FfmpegPlayVideoAudio.exe
     1>已完成生成项目“D:\TestWorkSpace\FfmpegYCW_test\FfmpegYCW_test\FfmpegPlayVideoAudio\FfmpegPlayVideoAudio.vcxproj”(Build 个目标)的操作。

生成成功。

已用时间 00:00:00.80
